<?xml version="1.0" encoding="UTF-8"?>
<testsuite xmlns:xsi="http://www.w3.org/2001/XMLSchema-instance" xsi:noNamespaceSchemaLocation="https://maven.apache.org/surefire/maven-surefire-plugin/xsd/surefire-test-report-3.0.xsd" version="3.0" name="com.abr_arn_project.MainTest" time="0.07" tests="12" errors="0" skipped="0" failures="0">
  <properties>
    <property name="java.specification.version" value="21"/>
    <property name="sun.cpu.isalist" value="amd64"/>
    <property name="sun.jnu.encoding" value="Cp1252"/>
    <property name="java.class.path" value="C:\Users\SHIFT\Desktop\Projet Algo Avancee\algoavancee_arn_abr\target\test-classes;C:\Users\SHIFT\Desktop\Projet Algo Avancee\algoavancee_arn_abr\target\classes;C:\Users\SHIFT\.m2\repository\org\junit\jupiter\junit-jupiter\5.10.0\junit-jupiter-5.10.0.jar;C:\Users\SHIFT\.m2\repository\org\junit\jupiter\junit-jupiter-api\5.10.0\junit-jupiter-api-5.10.0.jar;C:\Users\SHIFT\.m2\repository\org\opentest4j\opentest4j\1.3.0\opentest4j-1.3.0.jar;C:\Users\SHIFT\.m2\repository\org\junit\platform\junit-platform-commons\1.10.0\junit-platform-commons-1.10.0.jar;C:\Users\SHIFT\.m2\repository\org\apiguardian\apiguardian-api\1.1.2\apiguardian-api-1.1.2.jar;C:\Users\SHIFT\.m2\repository\org\junit\jupiter\junit-jupiter-params\5.10.0\junit-jupiter-params-5.10.0.jar;C:\Users\SHIFT\.m2\repository\org\junit\jupiter\junit-jupiter-engine\5.10.0\junit-jupiter-engine-5.10.0.jar;C:\Users\SHIFT\.m2\repository\org\junit\platform\junit-platform-engine\1.10.0\junit-platform-engine-1.10.0.jar;C:\Users\SHIFT\.m2\repository\org\mockito\mockito-core\5.0.0\mockito-core-5.0.0.jar;C:\Users\SHIFT\.m2\repository\net\bytebuddy\byte-buddy\1.12.22\byte-buddy-1.12.22.jar;C:\Users\SHIFT\.m2\repository\net\bytebuddy\byte-buddy-agent\1.12.22\byte-buddy-agent-1.12.22.jar;C:\Users\SHIFT\.m2\repository\org\objenesis\objenesis\3.3\objenesis-3.3.jar;C:\Users\SHIFT\.m2\repository\org\jfree\jfreechart\1.5.3\jfreechart-1.5.3.jar;"/>
    <property name="sun.awt.enableExtraMouseButtons" value="true"/>
    <property name="java.vm.vendor" value="Oracle Corporation"/>
    <property name="sun.arch.data.model" value="64"/>
    <property name="user.variant" value=""/>
    <property name="java.vendor.url" value="https://java.oracle.com/"/>
    <property name="user.timezone" value="Europe/Paris"/>
    <property name="os.name" value="Windows 10"/>
    <property name="java.vm.specification.version" value="21"/>
    <property name="sun.java.launcher" value="SUN_STANDARD"/>
    <property name="user.country" value="FR"/>
    <property name="sun.boot.library.path" value="C:\Program Files\Java\jdk-21\bin"/>
    <property name="sun.java.command" value="C:\Users\SHIFT\AppData\Local\Temp\surefire5337403997760600083\surefirebooter-20241214184650469_3.jar C:\Users\SHIFT\AppData\Local\Temp\surefire5337403997760600083 2024-12-14T18-46-50_186-jvmRun1 surefire-20241214184650469_1tmp surefire_0-20241214184650469_2tmp"/>
    <property name="jdk.debug" value="release"/>
    <property name="surefire.test.class.path" value="C:\Users\SHIFT\Desktop\Projet Algo Avancee\algoavancee_arn_abr\target\test-classes;C:\Users\SHIFT\Desktop\Projet Algo Avancee\algoavancee_arn_abr\target\classes;C:\Users\SHIFT\.m2\repository\org\junit\jupiter\junit-jupiter\5.10.0\junit-jupiter-5.10.0.jar;C:\Users\SHIFT\.m2\repository\org\junit\jupiter\junit-jupiter-api\5.10.0\junit-jupiter-api-5.10.0.jar;C:\Users\SHIFT\.m2\repository\org\opentest4j\opentest4j\1.3.0\opentest4j-1.3.0.jar;C:\Users\SHIFT\.m2\repository\org\junit\platform\junit-platform-commons\1.10.0\junit-platform-commons-1.10.0.jar;C:\Users\SHIFT\.m2\repository\org\apiguardian\apiguardian-api\1.1.2\apiguardian-api-1.1.2.jar;C:\Users\SHIFT\.m2\repository\org\junit\jupiter\junit-jupiter-params\5.10.0\junit-jupiter-params-5.10.0.jar;C:\Users\SHIFT\.m2\repository\org\junit\jupiter\junit-jupiter-engine\5.10.0\junit-jupiter-engine-5.10.0.jar;C:\Users\SHIFT\.m2\repository\org\junit\platform\junit-platform-engine\1.10.0\junit-platform-engine-1.10.0.jar;C:\Users\SHIFT\.m2\repository\org\mockito\mockito-core\5.0.0\mockito-core-5.0.0.jar;C:\Users\SHIFT\.m2\repository\net\bytebuddy\byte-buddy\1.12.22\byte-buddy-1.12.22.jar;C:\Users\SHIFT\.m2\repository\net\bytebuddy\byte-buddy-agent\1.12.22\byte-buddy-agent-1.12.22.jar;C:\Users\SHIFT\.m2\repository\org\objenesis\objenesis\3.3\objenesis-3.3.jar;C:\Users\SHIFT\.m2\repository\org\jfree\jfreechart\1.5.3\jfreechart-1.5.3.jar;"/>
    <property name="sun.cpu.endian" value="little"/>
    <property name="user.home" value="C:\Users\SHIFT"/>
    <property name="user.language" value="fr"/>
    <property name="java.specification.vendor" value="Oracle Corporation"/>
    <property name="java.version.date" value="2023-10-17"/>
    <property name="java.home" value="C:\Program Files\Java\jdk-21"/>
    <property name="file.separator" value="\"/>
    <property name="basedir" value="C:\Users\SHIFT\Desktop\Projet Algo Avancee\algoavancee_arn_abr"/>
    <property name="java.vm.compressedOopsMode" value="32-bit"/>
    <property name="line.separator" value="&#10;"/>
    <property name="java.vm.specification.vendor" value="Oracle Corporation"/>
    <property name="java.specification.name" value="Java Platform API Specification"/>
    <property name="surefire.real.class.path" value="C:\Users\SHIFT\AppData\Local\Temp\surefire5337403997760600083\surefirebooter-20241214184650469_3.jar"/>
    <property name="user.script" value=""/>
    <property name="sun.management.compiler" value="HotSpot 64-Bit Tiered Compilers"/>
    <property name="java.runtime.version" value="21.0.1+12-LTS-29"/>
    <property name="user.name" value="SHIFT"/>
    <property name="stdout.encoding" value="Cp1252"/>
    <property name="path.separator" value=";"/>
    <property name="os.version" value="10.0"/>
    <property name="java.runtime.name" value="Java(TM) SE Runtime Environment"/>
    <property name="file.encoding" value="UTF-8"/>
    <property name="java.vm.name" value="Java HotSpot(TM) 64-Bit Server VM"/>
    <property name="localRepository" value="C:\Users\SHIFT\.m2\repository"/>
    <property name="java.vendor.url.bug" value="https://bugreport.java.com/bugreport/"/>
    <property name="java.io.tmpdir" value="C:\Users\SHIFT\AppData\Local\Temp\"/>
    <property name="java.version" value="21.0.1"/>
    <property name="user.dir" value="C:\Users\SHIFT\Desktop\Projet Algo Avancee\algoavancee_arn_abr"/>
    <property name="os.arch" value="amd64"/>
    <property name="java.vm.specification.name" value="Java Virtual Machine Specification"/>
    <property name="sun.os.patch.level" value=""/>
    <property name="native.encoding" value="Cp1252"/>
    <property name="java.library.path" value="C:\Program Files\Java\jdk-21\bin;C:\WINDOWS\Sun\Java\bin;C:\WINDOWS\system32;C:\WINDOWS;C:\Program Files\Common Files\Oracle\Java\javapath;C:\Program Files (x86)\Common Files\Oracle\Java\javapath;C:\Program Files\Eclipse Adoptium\jdk-17.0.6.10-hotspot\bin;C:\WINDOWS\system32;C:\WINDOWS;C:\WINDOWS\System32\Wbem;C:\WINDOWS\System32\WindowsPowerShell\v1.0\;C:\WINDOWS\System32\OpenSSH\;C:\Program Files\Microsoft SQL Server\150\Tools\Binn\;C:\Program Files\Microsoft SQL Server\Client SDK\ODBC\170\Tools\Binn\;C:\Program Files\dotnet\;C:\Program Files\Java\jdk1.8.0_361\bin;C:\Program Files\Java\jdk-21\bin;C:\src_flutter\flutter\bin;C:\Program Files\Dart\dart-sdk\bin;C:\Program Files\swipl\bin;C:\Program Files\nodejs\;C:\Program Files\Git\cmd;C:\Users\SHIFT\AppData\Local\Pub\Cache\bin;C:\Users\SHIFT\AppData\Roaming\Microsoft\Windows\Start Menu\Programs\Python 3.12;C:\Users\SHIFT\AppData\Local\Programs\Python\Python312;C:\Users\SHIFT\AppData\Local\Programs\Python\Python312\Scripts\pip3.12.exe;C:\Users\SHIFT\apache-maven-3.9.9\bin;C:\mingw64\bin;C:\Program Files\Common Files\Oracle\Java\javapath;C:\Program Files (x86)\Common Files\Oracle\Java\javapath;C:\Program Files\Eclipse Adoptium\jdk-17.0.6.10-hotspot\bin;C:\WINDOWS\system32;C:\WINDOWS;C:\WINDOWS\System32\Wbem;C:\WINDOWS\System32\WindowsPowerShell\v1.0\;C:\WINDOWS\System32\OpenSSH\;C:\Program Files\Microsoft SQL Server\150\Tools\Binn\;C:\Program Files\Microsoft SQL Server\Client SDK\ODBC\170\Tools\Binn\;C:\Program Files\dotnet\;C:\Program Files\Java\jdk1.8.0_361\bin;C:\Program Files\Java\jdk-21\bin;C:\src_flutter\flutter\bin;C:\Program Files\Dart\dart-sdk\bin;C:\Program Files\swipl\bin;C:\Program Files\nodejs\;C:\Program Files\Git\cmd;C:\Users\SHIFT\AppData\Local\Pub\Cache\bin;C:\Users\SHIFT\AppData\Roaming\Microsoft\Windows\Start Menu\Programs\Python 3.12;C:\Users\SHIFT\AppData\Local\Programs\Python\Python312;C:\Users\SHIFT\AppData\Local\Programs\Python\Python312\Scripts\pip3.12.exe;C:\Users\SHIFT\apache-maven-3.9.9\bin;C:\Users\SHIFT\apache-maven-3.9.9\bin;C:\Program Files\Common Files\Oracle\;C:\Users\SHIFT\AppData\Local\Programs\Microsoft VS Code\bin;."/>
    <property name="java.vm.info" value="mixed mode, sharing"/>
    <property name="stderr.encoding" value="Cp1252"/>
    <property name="java.vendor" value="Oracle Corporation"/>
    <property name="java.vm.version" value="21.0.1+12-LTS-29"/>
    <property name="sun.io.unicode.encoding" value="UnicodeLittle"/>
    <property name="java.class.version" value="65.0"/>
  </properties>
  <testcase name="testARNSize" classname="com.abr_arn_project.MainTest" time="0.003"/>
  <testcase name="testABRAddAll" classname="com.abr_arn_project.MainTest" time="0.021"/>
  <testcase name="testABRRemove" classname="com.abr_arn_project.MainTest" time="0.003"/>
  <testcase name="testARNInsertion" classname="com.abr_arn_project.MainTest" time="0.006"/>
  <testcase name="testABRClear" classname="com.abr_arn_project.MainTest" time="0.002"/>
  <testcase name="testARNIterator" classname="com.abr_arn_project.MainTest" time="0.001"/>
  <testcase name="testARNClear" classname="com.abr_arn_project.MainTest" time="0.001"/>
  <testcase name="testABRIterator" classname="com.abr_arn_project.MainTest" time="0.001"/>
  <testcase name="testABRInsertion" classname="com.abr_arn_project.MainTest" time="0.002"/>
  <testcase name="testARNAddAll" classname="com.abr_arn_project.MainTest" time="0.001"/>
  <testcase name="testARNRemove" classname="com.abr_arn_project.MainTest" time="0.001"/>
  <testcase name="testABRSize" classname="com.abr_arn_project.MainTest" time="0.002"/>
</testsuite>